<?xml version="1.0" encoding="UTF-8"?>
<testng-results skipped="0" failed="0" ignored="0" total="1" passed="1">
  <reporter-output>
    <line>
      <![CDATA[<div "result">open Chrome browser (PASSED : 5s)</div>]]>
    </line>
    <line>
      <![CDATA[<div "result">Enter user name (PASSED : 1s)</div>]]>
    </line>
    <line>
      <![CDATA[<div "result">Enter password (PASSED : 0s)</div>]]>
    </line>
    <line>
      <![CDATA[<div "result">clik on submit button (PASSED : 0s)</div>]]>
    </line>
    <line>
      <![CDATA[<div "result">Wait for some seconds (PASSED : 10s)</div>]]>
    </line>
    <line>
      <![CDATA[<div "result">quit the Browser (PASSED : 0s)</div>]]>
    </line>
  </reporter-output>
  <suite name="Default suite" duration-ms="25283" started-at="2018-09-04T19:22:30Z" finished-at="2018-09-04T19:22:55Z">
    <groups>
      <group name="cucumber">
        <method signature="AbstractTestNGCucumberTests.runScenario(cucumber.api.testng.PickleEventWrapper, cucumber.api.testng.CucumberFeatureWrapper)[pri:0, instance:Runner.TestRun@59494225]" name="runScenario" class="cucumber.api.testng.AbstractTestNGCucumberTests"/>
      </group> <!-- cucumber -->
    </groups>
    <test name="Default test" duration-ms="25283" started-at="2018-09-04T19:22:30Z" finished-at="2018-09-04T19:22:55Z">
      <class name="Runner.TestRun">
        <test-method status="PASS" signature="setUpClass()[pri:0, instance:Runner.TestRun@59494225]" name="setUpClass" is-config="true" duration-ms="324" started-at="2018-09-04T19:22:30Z" finished-at="2018-09-04T19:22:30Z">
          <reporter-output>
          </reporter-output>
        </test-method> <!-- setUpClass -->
        <test-method status="PASS" signature="runScenario(cucumber.api.testng.PickleEventWrapper, cucumber.api.testng.CucumberFeatureWrapper)[pri:0, instance:Runner.TestRun@59494225]" name="runScenario" duration-ms="24680" started-at="2018-09-04T19:22:30Z" description="Runs Cucumber Scenarios" data-provider="scenarios" finished-at="2018-09-04T19:22:55Z">
          <params>
            <param index="0">
              <value>
                <![CDATA["Logging in to a facebook website"]]>
              </value>
            </param>
            <param index="1">
              <value>
                <![CDATA["Logging in to a facebook website"]]>
              </value>
            </param>
          </params>
          <reporter-output>
            <line>
              <![CDATA[<div "result">open Chrome browser (PASSED : 5s)</div>]]>
            </line>
            <line>
              <![CDATA[<div "result">Enter user name (PASSED : 1s)</div>]]>
            </line>
            <line>
              <![CDATA[<div "result">Enter password (PASSED : 0s)</div>]]>
            </line>
            <line>
              <![CDATA[<div "result">clik on submit button (PASSED : 0s)</div>]]>
            </line>
            <line>
              <![CDATA[<div "result">Wait for some seconds (PASSED : 10s)</div>]]>
            </line>
            <line>
              <![CDATA[<div "result">quit the Browser (PASSED : 0s)</div>]]>
            </line>
          </reporter-output>
        </test-method> <!-- runScenario -->
        <test-method status="PASS" signature="tearDownClass()[pri:0, instance:Runner.TestRun@59494225]" name="tearDownClass" is-config="true" duration-ms="90" started-at="2018-09-04T19:22:55Z" finished-at="2018-09-04T19:22:55Z">
          <reporter-output>
          </reporter-output>
        </test-method> <!-- tearDownClass -->
      </class> <!-- Runner.TestRun -->
    </test> <!-- Default test -->
  </suite> <!-- Default suite -->
</testng-results>
