<?xml version="1.0" encoding="UTF-8"?>
<testng-results skipped="0" failed="0" ignored="0" total="1" passed="1">
  <reporter-output>
    <line>
      <![CDATA[<div "result">find number two (PASSED : 0s)</div>]]>
    </line>
    <line>
      <![CDATA[<div "result">find plus sign (PASSED : 0s)</div>]]>
    </line>
    <line>
      <![CDATA[<div "result">find numberfour (PASSED : 0s)</div>]]>
    </line>
    <line>
      <![CDATA[<div "result">click equal to (PASSED : 0s)</div>]]>
    </line>
    <line>
      <![CDATA[<div "result">find results in text bar (PASSED : 0s)</div>]]>
    </line>
  </reporter-output>
  <suite name="Suite" duration-ms="29142" started-at="2018-09-05T14:00:44Z" finished-at="2018-09-05T14:01:13Z">
    <groups>
      <group name="cucumber">
        <method signature="AbstractTestNGCucumberTests.runScenario(cucumber.api.testng.PickleEventWrapper, cucumber.api.testng.CucumberFeatureWrapper)[pri:0, instance:Runner.TestRun@215be6bb]" name="runScenario" class="cucumber.api.testng.AbstractTestNGCucumberTests"/>
      </group> <!-- cucumber -->
    </groups>
    <test name="Test" duration-ms="29142" started-at="2018-09-05T14:00:44Z" finished-at="2018-09-05T14:01:13Z">
      <class name="Runner.TestRun">
        <test-method status="PASS" signature="setUpClass()[pri:0, instance:Runner.TestRun@215be6bb]" name="setUpClass" is-config="true" duration-ms="328" started-at="2018-09-05T14:00:44Z" finished-at="2018-09-05T14:00:44Z">
          <reporter-output>
          </reporter-output>
        </test-method> <!-- setUpClass -->
        <test-method status="PASS" signature="runScenario(cucumber.api.testng.PickleEventWrapper, cucumber.api.testng.CucumberFeatureWrapper)[pri:0, instance:Runner.TestRun@215be6bb]" name="runScenario" duration-ms="28516" started-at="2018-09-05T14:00:44Z" description="Runs Cucumber Scenarios" data-provider="scenarios" finished-at="2018-09-05T14:01:13Z">
          <params>
            <param index="0">
              <value>
                <![CDATA["Title of your scenario"]]>
              </value>
            </param>
            <param index="1">
              <value>
                <![CDATA["Title of your feature"]]>
              </value>
            </param>
          </params>
          <reporter-output>
            <line>
              <![CDATA[<div "result">find number two (PASSED : 0s)</div>]]>
            </line>
            <line>
              <![CDATA[<div "result">find plus sign (PASSED : 0s)</div>]]>
            </line>
            <line>
              <![CDATA[<div "result">find numberfour (PASSED : 0s)</div>]]>
            </line>
            <line>
              <![CDATA[<div "result">click equal to (PASSED : 0s)</div>]]>
            </line>
            <line>
              <![CDATA[<div "result">find results in text bar (PASSED : 0s)</div>]]>
            </line>
          </reporter-output>
        </test-method> <!-- runScenario -->
        <test-method status="PASS" signature="tearDownClass()[pri:0, instance:Runner.TestRun@215be6bb]" name="tearDownClass" is-config="true" duration-ms="110" started-at="2018-09-05T14:01:13Z" finished-at="2018-09-05T14:01:13Z">
          <reporter-output>
          </reporter-output>
        </test-method> <!-- tearDownClass -->
      </class> <!-- Runner.TestRun -->
    </test> <!-- Test -->
  </suite> <!-- Suite -->
</testng-results>
